mode: set
180/container/nonrepeatingsubstr/nonrepeating.go:15.47,20.31 4 1
180/container/nonrepeatingsubstr/nonrepeating.go:20.31,21.58 1 1
180/container/nonrepeatingsubstr/nonrepeating.go:21.58,23.4 1 1
180/container/nonrepeatingsubstr/nonrepeating.go:24.3,24.28 1 1
180/container/nonrepeatingsubstr/nonrepeating.go:24.28,26.4 1 1
180/container/nonrepeatingsubstr/nonrepeating.go:27.3,27.23 1 1
180/container/nonrepeatingsubstr/nonrepeating.go:30.2,30.18 1 1
180/container/nonrepeatingsubstr/nonrepeating.go:33.13,53.2 9 0
